<?xml version="1.0" encoding="UTF-8"?>
<!-- Generated by org.testng.reporters.JUnitReportReporter -->
<testsuite hostname="DESKTOP-2OFBHTA" name="com.crm.qa.testcases.ContactsPageTest" tests="1" failures="0" timestamp="28 Nov 2019 04:09:42 GMT" time="35.330" errors="0">
  <testcase name="getTestData" time="35.330" classname="com.crm.qa.testcases.ContactsPageTest"/>
</testsuite> <!-- com.crm.qa.testcases.ContactsPageTest -->
