<?xml version="1.0" encoding="UTF-8"?>
<!-- Generated by org.testng.reporters.JUnitReportReporter -->
<testsuite hostname="DESKTOP-2OFBHTA" name="com.crm.qa.testcases.LoginPageTest" tests="3" failures="0" timestamp="16 Nov 2019 03:26:00 GMT" time="39.031" errors="0">
  <testcase name="loginpageURLTest" time="12.479" classname="com.crm.qa.testcases.LoginPageTest"/>
  <testcase name="loginPageTitleTest" time="12.616" classname="com.crm.qa.testcases.LoginPageTest"/>
  <testcase name="loginTest" time="13.936" classname="com.crm.qa.testcases.LoginPageTest"/>
</testsuite> <!-- com.crm.qa.testcases.LoginPageTest -->
