<?xml version="1.0" encoding="UTF-8"?>
<!-- Generated by org.testng.reporters.JUnitReportReporter -->
<testsuite hostname="DESKTOP-2OFBHTA" name="com.crm.qa.testcases.HomePageTest" tests="3" failures="0" timestamp="16 Nov 2019 03:26:00 GMT" time="35.961" errors="0">
  <testcase name="verifyHomePageTitleTest" time="10.975" classname="com.crm.qa.testcases.HomePageTest"/>
  <testcase name="verifyUserNameTest" time="12.407" classname="com.crm.qa.testcases.HomePageTest"/>
  <testcase name="varifyContactsLinkTest" time="12.579" classname="com.crm.qa.testcases.HomePageTest"/>
</testsuite> <!-- com.crm.qa.testcases.HomePageTest -->
